2025-11-24 04:42:41,832 - [INFO] ======================================================================
2025-11-24 04:42:41,832 - [INFO] 🚀 STOCK DATA RETRIEVAL EXECUTOR - PRODUCTION RUN
2025-11-24 04:42:41,832 - [INFO] ======================================================================
2025-11-24 04:42:41,833 - [INFO] 📊 Database: https://www.notion.so/638a8018f09d4e159d6d84536f411441
2025-11-24 04:42:41,833 - [INFO] 📁 Data Source: collection://7c5225aa-429b-4580-946e-ba5b1db2ca6d
2025-11-24 04:42:41,833 - [INFO] ======================================================================
2025-11-24 04:42:42,085 - [ERROR] ❌ Fatal error: [Errno 2] No such file or directory: '/mnt/user-data/uploads/all_tickers.json'
2025-11-24 04:43:51,728 - [INFO] ======================================================================
2025-11-24 04:43:51,729 - [INFO] 🚀 STOCK DATA RETRIEVAL EXECUTOR - PRODUCTION RUN
2025-11-24 04:43:51,729 - [INFO] ======================================================================
2025-11-24 04:43:51,729 - [INFO] 📊 Database: https://www.notion.so/638a8018f09d4e159d6d84536f411441
2025-11-24 04:43:51,730 - [INFO] 📁 Data Source: collection://7c5225aa-429b-4580-946e-ba5b1db2ca6d
2025-11-24 04:43:51,730 - [INFO] ======================================================================
2025-11-24 04:43:51,731 - [INFO] ✅ Loaded 100 tickers
2025-11-24 04:43:51,731 - [INFO] 📈 Configuration:
2025-11-24 04:43:51,731 - [INFO]   • Tickers: 100
2025-11-24 04:43:51,731 - [INFO]   • Periods: 5 (2000-2024 in 5-year chunks)
2025-11-24 04:43:51,732 - [INFO]   • Batch size: 100
2025-11-24 04:43:51,732 - [INFO]   • Total batches: 1
2025-11-24 04:43:51,732 - [INFO]   • Est. records: 500
2025-11-24 04:43:51,732 - [INFO] ======================================================================
2025-11-24 04:43:51,732 - [INFO] 📊 Batch 1/1: Processing 100 tickers
2025-11-24 04:43:51,733 - [INFO]   → Progress: 10/100 (10.0%)
2025-11-24 04:43:51,733 - [INFO]   → Progress: 20/100 (20.0%)
2025-11-24 04:43:51,733 - [INFO]   → Progress: 30/100 (30.0%)
2025-11-24 04:43:51,734 - [INFO]   → Progress: 40/100 (40.0%)
2025-11-24 04:43:51,734 - [INFO]   → Progress: 50/100 (50.0%)
2025-11-24 04:43:51,734 - [INFO]   → Progress: 60/100 (60.0%)
2025-11-24 04:43:51,734 - [INFO]   → Progress: 70/100 (70.0%)
2025-11-24 04:43:51,735 - [INFO]   → Progress: 80/100 (80.0%)
2025-11-24 04:43:51,735 - [INFO]   → Progress: 90/100 (90.0%)
2025-11-24 04:43:51,735 - [INFO]   → Progress: 100/100 (100.0%)
2025-11-24 04:43:51,738 - [INFO] ✅ Batch 1 saved: 35 records → /mnt/user-data/outputs/notion_batch_0001.json
2025-11-24 04:43:51,841 - [INFO] 📝 Upload script generated: /mnt/user-data/outputs/upload_to_notion.py
2025-11-24 04:43:51,843 - [INFO] ======================================================================
2025-11-24 04:43:51,843 - [INFO] ✅ EXECUTION COMPLETE
2025-11-24 04:43:51,844 - [INFO] ======================================================================
2025-11-24 04:43:51,844 - [INFO] 📊 Processed: 100 tickers
2025-11-24 04:43:51,844 - [INFO] 💾 Saved: 35 records
2025-11-24 04:43:51,844 - [INFO] 📁 Batch files: 1
2025-11-24 04:43:51,844 - [INFO] ⏱️  Duration: 0:00:00.111152
2025-11-24 04:43:51,844 - [INFO] 📄 Summary: /mnt/user-data/outputs/execution_summary.json
2025-11-24 04:43:51,845 - [INFO] ======================================================================
2025-11-24 04:43:51,845 - [INFO] 🎯 Next steps:
2025-11-24 04:43:51,845 - [INFO]   1. Review batch files in /mnt/user-data/outputs/
2025-11-24 04:43:51,845 - [INFO]   2. Run upload_to_notion.py to populate database
2025-11-24 04:43:51,845 - [INFO]   3. View data at: https://www.notion.so/638a8018f09d4e159d6d84536f411441
2025-11-24 04:43:51,845 - [INFO] ======================================================================
